# JRE version: OpenJDK Runtime Environment (21.0.3) (build 21.0.3+-12282718-b509.11)
# Java VM: OpenJDK 64-Bit Server VM (21.0.3+-12282718-b509.11, mixed mode, tiered, compressed oops, compressed class ptrs, g1 gc, windows-amd64)
GC Precious Log:
 CardTable entry size: 512
 Card Set container configuration: InlinePtr #cards 5 size 8 Array Of Cards #cards 12 size 40 Howl #buckets 4 coarsen threshold 1843 Howl Bitmap #cards 512 size 80 coarsen threshold 460 Card regions per heap region 1 cards per card region 2048
 CPUs: 20 total, 20 available
 Memory: 16124M
 Large Page Support: Disabled
 NUMA Support: Disabled
 Compressed Oops: Enabled (32-bit)
 Heap Region Size: 1M
 Heap Min Capacity: 8M
 Heap Initial Capacity: 252M
 Heap Max Capacity: 2G
 Pre-touch: Disabled
 Parallel Workers: 15
 Concurrent Workers: 4
 Concurrent Refinement Workers: 15
 Periodic GC: Disabled
Heap:
 garbage-first heap   total 418816K, used 313344K [0x0000000080000000, 0x0000000100000000)
  region size 1024K, 56 young (57344K), 15 survivors (15360K)
 Metaspace       used 150973K, committed 153472K, reserved 1245184K
  class space    used 19909K, committed 21184K, reserved 1048576K
GC Heap History (20 events):
Event: 24.248 GC heap before
{Heap before GC invocations=58 (full 0):
 garbage-first heap   total 302080K, used 277442K [0x0000000080000000, 0x0000000100000000)
  region size 1024K, 103 young (105472K), 7 survivors (7168K)
 Metaspace       used 120772K, committed 123072K, reserved 1179648K
  class space    used 16547K, committed 17664K, reserved 1048576K
}
Event: 24.253 GC heap after
{Heap after GC invocations=59 (full 0):
 garbage-first heap   total 302080K, used 181352K [0x0000000080000000, 0x0000000100000000)
  region size 1024K, 10 young (10240K), 10 survivors (10240K)
 Metaspace       used 120772K, committed 123072K, reserved 1179648K
  class space    used 16547K, committed 17664K, reserved 1048576K
}
Event: 25.082 GC heap before
{Heap before GC invocations=59 (full 0):
 garbage-first heap   total 302080K, used 274536K [0x0000000080000000, 0x0000000100000000)
  region size 1024K, 101 young (103424K), 10 survivors (10240K)
 Metaspace       used 120965K, committed 123200K, reserved 1179648K
  class space    used 16571K, committed 17664K, reserved 1048576K
}
Event: 25.086 GC heap after
{Heap after GC invocations=60 (full 0):
 garbage-first heap   total 302080K, used 184649K [0x0000000080000000, 0x0000000100000000)
  region size 1024K, 9 young (9216K), 9 survivors (9216K)
 Metaspace       used 120965K, committed 123200K, reserved 1179648K
  class space    used 16571K, committed 17664K, reserved 1048576K
}
Event: 26.242 GC heap before
{Heap before GC invocations=61 (full 0):
 garbage-first heap   total 324608K, used 275785K [0x0000000080000000, 0x0000000100000000)
  region size 1024K, 97 young (99328K), 9 survivors (9216K)
 Metaspace       used 130300K, committed 132608K, reserved 1179648K
  class space    used 17736K, committed 18880K, reserved 1048576K
}
Event: 26.246 GC heap after
{Heap after GC invocations=62 (full 0):
 garbage-first heap   total 324608K, used 188390K [0x0000000080000000, 0x0000000100000000)
  region size 1024K, 10 young (10240K), 10 survivors (10240K)
 Metaspace       used 130300K, committed 132608K, reserved 1179648K
  class space    used 17736K, committed 18880K, reserved 1048576K
}
Event: 29.119 GC heap before
{Heap before GC invocations=62 (full 0):
 garbage-first heap   total 324608K, used 300006K [0x0000000080000000, 0x0000000100000000)
  region size 1024K, 115 young (117760K), 10 survivors (10240K)
 Metaspace       used 135071K, committed 137408K, reserved 1179648K
  class space    used 18180K, committed 19328K, reserved 1048576K
}
Event: 29.127 GC heap after
{Heap after GC invocations=63 (full 0):
 garbage-first heap   total 324608K, used 196426K [0x0000000080000000, 0x0000000100000000)
  region size 1024K, 15 young (15360K), 15 survivors (15360K)
 Metaspace       used 135071K, committed 137408K, reserved 1179648K
  class space    used 18180K, committed 19328K, reserved 1048576K
}
Event: 31.753 GC heap before
{Heap before GC invocations=63 (full 0):
 garbage-first heap   total 324608K, used 291658K [0x0000000080000000, 0x0000000100000000)
  region size 1024K, 108 young (110592K), 15 survivors (15360K)
 Metaspace       used 135786K, committed 138112K, reserved 1179648K
  class space    used 18232K, committed 19392K, reserved 1048576K
}
Event: 31.759 GC heap after
{Heap after GC invocations=64 (full 0):
 garbage-first heap   total 324608K, used 201527K [0x0000000080000000, 0x0000000100000000)
  region size 1024K, 8 young (8192K), 8 survivors (8192K)
 Metaspace       used 135786K, committed 138112K, reserved 1179648K
  class space    used 18232K, committed 19392K, reserved 1048576K
}
Event: 33.875 GC heap before
{Heap before GC invocations=65 (full 0):
 garbage-first heap   total 347136K, used 295735K [0x0000000080000000, 0x0000000100000000)
  region size 1024K, 101 young (103424K), 8 survivors (8192K)
 Metaspace       used 140733K, committed 143040K, reserved 1179648K
  class space    used 18780K, committed 19968K, reserved 1048576K
}
Event: 33.881 GC heap after
{Heap after GC invocations=66 (full 0):
 garbage-first heap   total 347136K, used 209679K [0x0000000080000000, 0x0000000100000000)
  region size 1024K, 13 young (13312K), 13 survivors (13312K)
 Metaspace       used 140733K, committed 143040K, reserved 1179648K
  class space    used 18780K, committed 19968K, reserved 1048576K
}
Event: 141.275 GC heap before
{Heap before GC invocations=66 (full 0):
 garbage-first heap   total 347136K, used 315151K [0x0000000080000000, 0x0000000100000000)
  region size 1024K, 116 young (118784K), 13 survivors (13312K)
 Metaspace       used 143385K, committed 145792K, reserved 1179648K
  class space    used 19124K, committed 20352K, reserved 1048576K
}
Event: 141.285 GC heap after
{Heap after GC invocations=67 (full 0):
 garbage-first heap   total 347136K, used 220158K [0x0000000080000000, 0x0000000100000000)
  region size 1024K, 11 young (11264K), 11 survivors (11264K)
 Metaspace       used 143385K, committed 145792K, reserved 1179648K
  class space    used 19124K, committed 20352K, reserved 1048576K
}
Event: 141.986 GC heap before
{Heap before GC invocations=67 (full 0):
 garbage-first heap   total 347136K, used 315390K [0x0000000080000000, 0x0000000100000000)
  region size 1024K, 105 young (107520K), 11 survivors (11264K)
 Metaspace       used 145781K, committed 148224K, reserved 1179648K
  class space    used 19481K, committed 20736K, reserved 1048576K
}
Event: 141.993 GC heap after
{Heap after GC invocations=68 (full 0):
 garbage-first heap   total 347136K, used 232721K [0x0000000080000000, 0x0000000100000000)
  region size 1024K, 13 young (13312K), 13 survivors (13312K)
 Metaspace       used 145781K, committed 148224K, reserved 1179648K
  class space    used 19481K, committed 20736K, reserved 1048576K
}
Event: 143.532 GC heap before
{Heap before GC invocations=69 (full 0):
 garbage-first heap   total 406528K, used 312593K [0x0000000080000000, 0x0000000100000000)
  region size 1024K, 90 young (92160K), 13 survivors (13312K)
 Metaspace       used 148142K, committed 150656K, reserved 1179648K
  class space    used 19721K, committed 20992K, reserved 1048576K
}
Event: 143.539 GC heap after
{Heap after GC invocations=70 (full 0):
 garbage-first heap   total 406528K, used 252682K [0x0000000080000000, 0x0000000100000000)
  region size 1024K, 12 young (12288K), 12 survivors (12288K)
 Metaspace       used 148142K, committed 150656K, reserved 1179648K
  class space    used 19721K, committed 20992K, reserved 1048576K
}
Event: 145.295 GC heap before
{Heap before GC invocations=70 (full 0):
 garbage-first heap   total 406528K, used 377610K [0x0000000080000000, 0x0000000100000000)
  region size 1024K, 119 young (121856K), 12 survivors (12288K)
 Metaspace       used 149240K, committed 151680K, reserved 1245184K
  class space    used 19814K, committed 21056K, reserved 1048576K
}
Event: 145.304 GC heap after
{Heap after GC invocations=71 (full 0):
 garbage-first heap   total 418816K, used 273408K [0x0000000080000000, 0x0000000100000000)
  region size 1024K, 15 young (15360K), 15 survivors (15360K)
 Metaspace       used 149240K, committed 151680K, reserved 1245184K
  class space    used 19814K, committed 21056K, reserved 1048576K
}

