# JRE version: OpenJDK Runtime Environment (21.0.3) (build 21.0.3+-12282718-b509.11)
# Java VM: OpenJDK 64-Bit Server VM (21.0.3+-12282718-b509.11, mixed mode, tiered, compressed oops, compressed class ptrs, g1 gc, windows-amd64)
GC Precious Log:
 CardTable entry size: 512
 Card Set container configuration: InlinePtr #cards 5 size 8 Array Of Cards #cards 12 size 40 Howl #buckets 4 coarsen threshold 1843 Howl Bitmap #cards 512 size 80 coarsen threshold 460 Card regions per heap region 1 cards per card region 2048
 CPUs: 20 total, 20 available
 Memory: 16124M
 Large Page Support: Disabled
 NUMA Support: Disabled
 Compressed Oops: Enabled (32-bit)
 Heap Region Size: 1M
 Heap Min Capacity: 8M
 Heap Initial Capacity: 252M
 Heap Max Capacity: 2G
 Pre-touch: Disabled
 Parallel Workers: 15
 Concurrent Workers: 4
 Concurrent Refinement Workers: 15
 Periodic GC: Disabled
Heap:
 garbage-first heap   total 242688K, used 166729K [0x0000000080000000, 0x0000000100000000)
  region size 1024K, 23 young (23552K), 8 survivors (8192K)
 Metaspace       used 126623K, committed 129024K, reserved 1179648K
  class space    used 17136K, committed 18368K, reserved 1048576K
GC Heap History (20 events):
Event: 22.999 GC heap before
{Heap before GC invocations=37 (full 0):
 garbage-first heap   total 186368K, used 173520K [0x0000000080000000, 0x0000000100000000)
  region size 1024K, 63 young (64512K), 4 survivors (4096K)
 Metaspace       used 113773K, committed 116032K, reserved 1179648K
  class space    used 15697K, committed 16832K, reserved 1048576K
}
Event: 23.002 GC heap after
{Heap after GC invocations=38 (full 0):
 garbage-first heap   total 186368K, used 114179K [0x0000000080000000, 0x0000000100000000)
  region size 1024K, 8 young (8192K), 8 survivors (8192K)
 Metaspace       used 113773K, committed 116032K, reserved 1179648K
  class space    used 15697K, committed 16832K, reserved 1048576K
}
Event: 23.446 GC heap before
{Heap before GC invocations=38 (full 0):
 garbage-first heap   total 186368K, used 166403K [0x0000000080000000, 0x0000000100000000)
  region size 1024K, 60 young (61440K), 8 survivors (8192K)
 Metaspace       used 114429K, committed 116672K, reserved 1179648K
  class space    used 15787K, committed 16960K, reserved 1048576K
}
Event: 23.451 GC heap after
{Heap after GC invocations=39 (full 0):
 garbage-first heap   total 186368K, used 116915K [0x0000000080000000, 0x0000000100000000)
  region size 1024K, 3 young (3072K), 3 survivors (3072K)
 Metaspace       used 114429K, committed 116672K, reserved 1179648K
  class space    used 15787K, committed 16960K, reserved 1048576K
}
Event: 24.009 GC heap before
{Heap before GC invocations=40 (full 0):
 garbage-first heap   total 201728K, used 170163K [0x0000000080000000, 0x0000000100000000)
  region size 1024K, 56 young (57344K), 3 survivors (3072K)
 Metaspace       used 114796K, committed 117056K, reserved 1179648K
  class space    used 15831K, committed 16960K, reserved 1048576K
}
Event: 24.013 GC heap after
{Heap after GC invocations=41 (full 0):
 garbage-first heap   total 201728K, used 118963K [0x0000000080000000, 0x0000000100000000)
  region size 1024K, 5 young (5120K), 5 survivors (5120K)
 Metaspace       used 114796K, committed 117056K, reserved 1179648K
  class space    used 15831K, committed 16960K, reserved 1048576K
}
Event: 25.937 GC heap before
{Heap before GC invocations=41 (full 0):
 garbage-first heap   total 201728K, used 183475K [0x0000000080000000, 0x0000000100000000)
  region size 1024K, 69 young (70656K), 5 survivors (5120K)
 Metaspace       used 115803K, committed 118016K, reserved 1179648K
  class space    used 15939K, committed 17088K, reserved 1048576K
}
Event: 25.942 GC heap after
{Heap after GC invocations=42 (full 0):
 garbage-first heap   total 201728K, used 122132K [0x0000000080000000, 0x0000000100000000)
  region size 1024K, 7 young (7168K), 7 survivors (7168K)
 Metaspace       used 115803K, committed 118016K, reserved 1179648K
  class space    used 15939K, committed 17088K, reserved 1048576K
}
Event: 26.857 GC heap before
{Heap before GC invocations=42 (full 0):
 garbage-first heap   total 201728K, used 173332K [0x0000000080000000, 0x0000000100000000)
  region size 1024K, 59 young (60416K), 7 survivors (7168K)
 Metaspace       used 116898K, committed 119168K, reserved 1179648K
  class space    used 16039K, committed 17152K, reserved 1048576K
}
Event: 26.863 GC heap after
{Heap after GC invocations=43 (full 0):
 garbage-first heap   total 201728K, used 125738K [0x0000000080000000, 0x0000000100000000)
  region size 1024K, 8 young (8192K), 8 survivors (8192K)
 Metaspace       used 116898K, committed 119168K, reserved 1179648K
  class space    used 16039K, committed 17152K, reserved 1048576K
}
Event: 27.312 GC heap before
{Heap before GC invocations=44 (full 0):
 garbage-first heap   total 217088K, used 182058K [0x0000000080000000, 0x0000000100000000)
  region size 1024K, 62 young (63488K), 8 survivors (8192K)
 Metaspace       used 119844K, committed 122176K, reserved 1179648K
  class space    used 16276K, committed 17472K, reserved 1048576K
}
Event: 27.316 GC heap after
{Heap after GC invocations=45 (full 0):
 garbage-first heap   total 217088K, used 126343K [0x0000000080000000, 0x0000000100000000)
  region size 1024K, 2 young (2048K), 2 survivors (2048K)
 Metaspace       used 119844K, committed 122176K, reserved 1179648K
  class space    used 16276K, committed 17472K, reserved 1048576K
}
Event: 41.308 GC heap before
{Heap before GC invocations=45 (full 0):
 garbage-first heap   total 217088K, used 201095K [0x0000000080000000, 0x0000000100000000)
  region size 1024K, 76 young (77824K), 2 survivors (2048K)
 Metaspace       used 124654K, committed 127040K, reserved 1179648K
  class space    used 16968K, committed 18176K, reserved 1048576K
}
Event: 41.314 GC heap after
{Heap after GC invocations=46 (full 0):
 garbage-first heap   total 217088K, used 128983K [0x0000000080000000, 0x0000000100000000)
  region size 1024K, 6 young (6144K), 6 survivors (6144K)
 Metaspace       used 124654K, committed 127040K, reserved 1179648K
  class space    used 16968K, committed 18176K, reserved 1048576K
}
Event: 41.721 GC heap before
{Heap before GC invocations=46 (full 0):
 garbage-first heap   total 217088K, used 196567K [0x0000000080000000, 0x0000000100000000)
  region size 1024K, 73 young (74752K), 6 survivors (6144K)
 Metaspace       used 125139K, committed 127552K, reserved 1179648K
  class space    used 16970K, committed 18176K, reserved 1048576K
}
Event: 41.727 GC heap after
{Heap after GC invocations=47 (full 0):
 garbage-first heap   total 217088K, used 137388K [0x0000000080000000, 0x0000000100000000)
  region size 1024K, 10 young (10240K), 10 survivors (10240K)
 Metaspace       used 125139K, committed 127552K, reserved 1179648K
  class space    used 16970K, committed 18176K, reserved 1048576K
}
Event: 42.141 GC heap before
{Heap before GC invocations=48 (full 0):
 garbage-first heap   total 242688K, used 191660K [0x0000000080000000, 0x0000000100000000)
  region size 1024K, 64 young (65536K), 10 survivors (10240K)
 Metaspace       used 125249K, committed 127616K, reserved 1179648K
  class space    used 16971K, committed 18176K, reserved 1048576K
}
Event: 42.149 GC heap after
{Heap after GC invocations=49 (full 0):
 garbage-first heap   total 242688K, used 145533K [0x0000000080000000, 0x0000000100000000)
  region size 1024K, 8 young (8192K), 8 survivors (8192K)
 Metaspace       used 125249K, committed 127616K, reserved 1179648K
  class space    used 16971K, committed 18176K, reserved 1048576K
}
Event: 48.339 GC heap before
{Heap before GC invocations=49 (full 0):
 garbage-first heap   total 242688K, used 217213K [0x0000000080000000, 0x0000000100000000)
  region size 1024K, 79 young (80896K), 8 survivors (8192K)
 Metaspace       used 126305K, committed 128704K, reserved 1179648K
  class space    used 17098K, committed 18304K, reserved 1048576K
}
Event: 48.345 GC heap after
{Heap after GC invocations=50 (full 0):
 garbage-first heap   total 242688K, used 152393K [0x0000000080000000, 0x0000000100000000)
  region size 1024K, 8 young (8192K), 8 survivors (8192K)
 Metaspace       used 126305K, committed 128704K, reserved 1179648K
  class space    used 17098K, committed 18304K, reserved 1048576K
}

